TN:
SF:src/functions/getProductsById/handler.ts
FN:10,getProductsById
FNF:1
FNH:1
FNDA:3,getProductsById
DA:1,1
DA:2,1
DA:3,1
DA:4,1
DA:5,1
DA:6,1
DA:7,1
DA:8,1
DA:9,1
DA:10,1
DA:11,3
DA:12,3
DA:13,3
DA:14,3
DA:15,3
DA:16,3
DA:17,1
DA:18,1
DA:19,2
DA:20,2
DA:21,2
DA:22,1
DA:23,1
DA:24,1
LF:24
LH:24
BRDA:10,0,0,3
BRDA:16,1,0,1
BRDA:19,2,0,2
BRDA:14,3,0,10
BRF:4
BRH:4
end_of_record
TN:
SF:src/functions/getProductsList/handler.ts
FN:7,getProductsList
FNF:1
FNH:1
FNDA:2,getProductsList
DA:1,1
DA:2,1
DA:3,1
DA:4,1
DA:5,1
DA:6,1
DA:7,1
DA:8,2
DA:9,2
DA:10,1
DA:11,1
DA:12,1
LF:12
LH:12
BRDA:7,0,0,2
BRF:1
BRH:1
end_of_record
TN:
SF:src/libs/apiGateway.ts
FN:16,formatJSONResponse
FNF:1
FNH:0
FNDA:0,formatJSONResponse
DA:1,1
DA:2,1
DA:3,1
DA:4,1
DA:5,1
DA:6,1
DA:7,1
DA:8,1
DA:9,1
DA:10,1
DA:11,1
DA:12,1
DA:13,1
DA:14,1
DA:15,1
DA:16,1
DA:17,0
DA:18,0
DA:19,0
DA:20,0
DA:21,0
DA:22,0
DA:23,0
DA:24,0
DA:25,0
DA:26,0
DA:27,0
DA:28,0
LF:28
LH:16
BRF:0
BRH:0
end_of_record
TN:
SF:src/libs/lambda.ts
FN:4,middyfy
FNF:1
FNH:1
FNDA:2,middyfy
DA:1,1
DA:2,1
DA:3,1
DA:4,1
DA:5,2
DA:6,2
LF:6
LH:6
BRDA:4,0,0,2
BRF:1
BRH:1
end_of_record
